<?xml version="1.0" encoding="UTF-8"?>
<testsuite xmlns:xsi="http://www.w3.org/2001/XMLSchema-instance" xsi:noNamespaceSchemaLocation="https://maven.apache.org/surefire/maven-surefire-plugin/xsd/surefire-test-report.xsd" name="shoppingcart.domain.ShoppingCartTest" time="0.085" tests="3" errors="0" skipped="0" failures="0">
  <properties>
[...]
</properties>
  <testcase name="testLineItemWithQuantityCreatesNewInstance" classname="shoppingcart.domain.ShoppingCartTest" time="0.039"/>
  <testcase name="testEmptyCartIsValid" classname="shoppingcart.domain.ShoppingCartTest" time="0.009"/>
  <testcase name="testShoppingCartFields" classname="shoppingcart.domain.ShoppingCartTest" time="0.001"/>
</testsuite>